<?xml version="1.0" encoding="UTF-8"?>
<testsuite xmlns:xsi="http://www.w3.org/2001/XMLSchema-instance" xsi:noNamespaceSchemaLocation="https://maven.apache.org/surefire/maven-surefire-plugin/xsd/surefire-test-report.xsd" name="CourierCreationApiTest" time="9.923" tests="5" errors="0" skipped="0" failures="0">
  <properties>
[...]
</properties>
  <testcase name="successfulCourierCreationApiTest" classname="CourierCreationApiTest" time="5.462"/>
  <testcase name="errorWhenDontHaveLoginFieldCourierCreationTest" classname="CourierCreationApiTest" time="0.831"/>
  <testcase name="errorWhenCourierIsAlreadyCreatedTest" classname="CourierCreationApiTest" time="1.781"/>
  <testcase name="errorWhenDontHavePasswordFieldCourierCreationTest" classname="CourierCreationApiTest" time="0.809"/>
  <testcase name="errorWhenDontHaveFirstNameFieldCourierCreationTest" classname="CourierCreationApiTest" time="0.828"/>
</testsuite>